<?xml version="1.0" encoding="UTF-8"?>
<testng-results ignored="0" total="3" passed="3" failed="0" skipped="0">
  <reporter-output>
  </reporter-output>
  <suite started-at="2023-08-23T16:31:28 CDT" name="Default suite" finished-at="2023-08-23T16:31:28 CDT" duration-ms="31">
    <groups>
    </groups>
    <test started-at="2023-08-23T16:31:28 CDT" name="Default test" finished-at="2023-08-23T16:31:28 CDT" duration-ms="31">
      <class name="JavaStream.test1">
        <test-method signature="regular()[pri:0, instance:JavaStream.test1@41fbdac4]" started-at="2023-08-23T16:31:28 CDT" name="regular" finished-at="2023-08-23T16:31:28 CDT" duration-ms="4" status="PASS">
          <reporter-output>
          </reporter-output>
        </test-method> <!-- regular -->
        <test-method signature="streamFilter()[pri:0, instance:JavaStream.test1@41fbdac4]" started-at="2023-08-23T16:31:28 CDT" name="streamFilter" finished-at="2023-08-23T16:31:28 CDT" duration-ms="2" status="PASS">
          <reporter-output>
          </reporter-output>
        </test-method> <!-- streamFilter -->
        <test-method signature="streamMap()[pri:0, instance:JavaStream.test1@41fbdac4]" started-at="2023-08-23T16:31:28 CDT" name="streamMap" finished-at="2023-08-23T16:31:28 CDT" duration-ms="2" status="PASS">
          <reporter-output>
          </reporter-output>
        </test-method> <!-- streamMap -->
      </class> <!-- JavaStream.test1 -->
    </test> <!-- Default test -->
  </suite> <!-- Default suite -->
</testng-results>
