<?xml version="1.0" encoding="UTF-8"?>
<testng-results ignored="0" total="2" passed="2" failed="0" skipped="0">
  <reporter-output>
  </reporter-output>
  <suite started-at="2023-08-23T10:07:26 CDT" name="Default suite" finished-at="2023-08-23T10:07:26 CDT" duration-ms="27">
    <groups>
    </groups>
    <test started-at="2023-08-23T10:07:26 CDT" name="Default test" finished-at="2023-08-23T10:07:26 CDT" duration-ms="27">
      <class name="JavaStream.test1">
        <test-method signature="regular()[pri:0, instance:JavaStream.test1@647e447]" started-at="2023-08-23T10:07:26 CDT" name="regular" finished-at="2023-08-23T10:07:26 CDT" duration-ms="5" status="PASS">
          <reporter-output>
          </reporter-output>
        </test-method> <!-- regular -->
        <test-method signature="streamFilter()[pri:0, instance:JavaStream.test1@647e447]" started-at="2023-08-23T10:07:26 CDT" name="streamFilter" finished-at="2023-08-23T10:07:26 CDT" duration-ms="3" status="PASS">
          <reporter-output>
          </reporter-output>
        </test-method> <!-- streamFilter -->
      </class> <!-- JavaStream.test1 -->
    </test> <!-- Default test -->
  </suite> <!-- Default suite -->
</testng-results>
