<?xml version="1.0" encoding="UTF-8"?>
<!-- Generated by org.testng.reporters.JUnitXMLReporter -->
<testsuite ignored="0" hostname="Khangs-MacBook-Pro.local" failures="0" tests="3" name="Default test" time="0.031" errors="0" timestamp="2023-08-23T16:31:28 CDT">
  <testcase classname="JavaStream.test1" name="regular" time="0.004"/>
  <testcase classname="JavaStream.test1" name="streamFilter" time="0.002"/>
  <testcase classname="JavaStream.test1" name="streamMap" time="0.002"/>
</testsuite> <!-- Default test -->
